

Started GET "/home/1" for 127.0.0.1 at 2015-03-02 23:32:05 +0300

ActiveRecord::ConnectionNotEstablished (ActiveRecord::ConnectionNotEstablished):
  activerecord (4.1.9) lib/active_record/connection_adapters/abstract/connection_pool.rb:541:in `retrieve_connection'
  activerecord (4.1.9) lib/active_record/connection_handling.rb:113:in `retrieve_connection'
  activerecord (4.1.9) lib/active_record/connection_handling.rb:87:in `connection'
  activerecord (4.1.9) lib/active_record/query_cache.rb:51:in `restore_query_cache_settings'
  activerecord (4.1.9) lib/active_record/query_cache.rb:43:in `rescue in call'
  activerecord (4.1.9) lib/active_record/query_cache.rb:32:in `call'
  activerecord (4.1.9) lib/active_record/connection_adapters/abstract/connection_pool.rb:621:in `call'
  activerecord (4.1.9) lib/active_record/migration.rb:380:in `call'
  actionpack (4.1.9) lib/action_dispatch/middleware/callbacks.rb:29:in `block in call'
  activesupport (4.1.9) lib/active_support/callbacks.rb:82:in `run_callbacks'
  actionpack (4.1.9) lib/action_dispatch/middleware/callbacks.rb:27:in `call'
  actionpack (4.1.9) lib/action_dispatch/middleware/reloader.rb:73:in `call'
  actionpack (4.1.9) lib/action_dispatch/middleware/remote_ip.rb:76:in `call'
  actionpack (4.1.9) lib/action_dispatch/middleware/debug_exceptions.rb:17:in `call'
  actionpack (4.1.9) lib/action_dispatch/middleware/show_exceptions.rb:30:in `call'
  railties (4.1.9) lib/rails/rack/logger.rb:38:in `call_app'
  railties (4.1.9) lib/rails/rack/logger.rb:20:in `block in call'
  activesupport (4.1.9) lib/active_support/tagged_logging.rb:68:in `block in tagged'
  activesupport (4.1.9) lib/active_support/tagged_logging.rb:26:in `tagged'
  activesupport (4.1.9) lib/active_support/tagged_logging.rb:68:in `tagged'
  railties (4.1.9) lib/rails/rack/logger.rb:20:in `call'
  actionpack (4.1.9) lib/action_dispatch/middleware/request_id.rb:21:in `call'
  rack (1.5.2) lib/rack/methodoverride.rb:21:in `call'
  rack (1.5.2) lib/rack/runtime.rb:17:in `call'
  activesupport (4.1.9) lib/active_support/cache/strategy/local_cache_middleware.rb:26:in `call'
  rack (1.5.2) lib/rack/lock.rb:17:in `call'
  actionpack (4.1.9) lib/action_dispatch/middleware/static.rb:84:in `call'
  rack (1.5.2) lib/rack/sendfile.rb:112:in `call'
  railties (4.1.9) lib/rails/engine.rb:514:in `call'
  railties (4.1.9) lib/rails/application.rb:144:in `call'
  rack (1.5.2) lib/rack/lock.rb:17:in `call'
  rack (1.5.2) lib/rack/content_length.rb:14:in `call'
  rack (1.5.2) lib/rack/handler/webrick.rb:60:in `service'
  /home/niksan/.rvm/rubies/ruby-1.9.3-p545/lib/ruby/1.9.1/webrick/httpserver.rb:138:in `service'
  /home/niksan/.rvm/rubies/ruby-1.9.3-p545/lib/ruby/1.9.1/webrick/httpserver.rb:94:in `run'
  /home/niksan/.rvm/rubies/ruby-1.9.3-p545/lib/ruby/1.9.1/webrick/server.rb:191:in `block in start_thread'


  Rendered /home/niksan/.rvm/gems/ruby-1.9.3-p545/gems/actionpack-4.1.9/lib/action_dispatch/middleware/templates/rescues/_source.erb (0.9ms)
  Rendered /home/niksan/.rvm/gems/ruby-1.9.3-p545/gems/actionpack-4.1.9/lib/action_dispatch/middleware/templates/rescues/_trace.html.erb (1.7ms)
  Rendered /home/niksan/.rvm/gems/ruby-1.9.3-p545/gems/actionpack-4.1.9/lib/action_dispatch/middleware/templates/rescues/_request_and_response.html.erb (1.6ms)
  Rendered /home/niksan/.rvm/gems/ruby-1.9.3-p545/gems/actionpack-4.1.9/lib/action_dispatch/middleware/templates/rescues/diagnostics.erb within rescues/layout (25.6ms)


Started GET "/home/1" for 127.0.0.1 at 2015-03-02 23:34:10 +0300


Started GET "/home/1" for 127.0.0.1 at 2015-03-02 23:34:13 +0300


Started GET "/home/1" for 127.0.0.1 at 2015-03-02 23:34:14 +0300


Started GET "/home/1" for 127.0.0.1 at 2015-03-02 23:34:15 +0300


Started GET "/home/2" for 127.0.0.1 at 2015-03-02 23:35:03 +0300


Started GET "/home/3" for 127.0.0.1 at 2015-03-02 23:35:12 +0300


Started GET "/home/3" for 127.0.0.1 at 2015-03-02 23:37:58 +0300
Processing by HomeController#show as HTML
  Parameters: {"id"=>"3"}
***************WICKED***************
  Rendered /home/niksan/htdocs/russian_invoices/app/views/russian_invoices/documents/certificate_of_completion.html.haml within layouts/russian_invoices/application.html.haml (218.3ms)
Completed 500 Internal Server Error in 276ms

ActionView::Template::Error ("sass" filter's sass dependency missing: try installing it or adding it to your Gemfile):
  app/controllers/home_controller.rb:101:in `certeficate_of_completion'
  app/controllers/home_controller.rb:12:in `show'


  Rendered /home/niksan/.rvm/gems/ruby-2.2.0@russian_invoices/gems/actionpack-4.1.9/lib/action_dispatch/middleware/templates/rescues/template_error.html.erb within rescues/layout (9.3ms)


Started GET "/home/3" for 127.0.0.1 at 2015-03-02 23:41:42 +0300
Processing by HomeController#show as HTML
  Parameters: {"id"=>"3"}
***************WICKED***************
  Rendered /home/niksan/htdocs/russian_invoices/app/views/russian_invoices/documents/certificate_of_completion.html.haml within layouts/russian_invoices/application.html.haml (218.0ms)
  Rendered text template (0.0ms)
Sent data certificate_of_completion.pdf (1.9ms)
Completed 200 OK in 2422ms (Views: 1.7ms | ActiveRecord: 0.0ms)
